<?xml version="1.0" encoding="UTF-8"?>
<!-- Generated by org.testng.reporters.JUnitXMLReporter -->
<testsuite ignored="0" hostname="LAPTOP-GB18RDD5" failures="0" tests="10" name="Test1" time="67.808" errors="0" timestamp="2024-07-12T10:16:34 IST">
  <testcase classname="TestNg2.HelperMethod5" name="shoes5" time="9.973"/>
  <testcase classname="TestNg2.HelperMethod4" name="shoe4" time="9.574"/>
  <testcase classname="TestNg1.HelpMethod1" name="bike1" time="5.192"/>
  <testcase classname="TestNg1.HelperMethod5" name="bike5" time="6.539"/>
  <testcase classname="TestNg1.HelperMethod4" name="bike4" time="5.114"/>
  <testcase classname="TestNg1.HelperMethod3" name="bike3" time="5.952"/>
  <testcase classname="TestNg1.HelperMethod2" name="bike2" time="6.44"/>
  <testcase classname="TestNg2.HelperMethod3" name="shoe3" time="7.005"/>
  <testcase classname="TestNg2.HelperMethod2" name="shoe2" time="7.12"/>
  <testcase classname="TestNg2.HelperMethod1" name="shoe1" time="4.796"/>
</testsuite> <!-- Test1 -->
