<?xml version="1.0" encoding="UTF-8"?>
<!-- Generated by org.testng.reporters.JUnitXMLReporter -->
<testsuite ignored="0" hostname="LAPTOP-GB18RDD5" failures="0" tests="10" name="Test2" time="58.676" errors="0" timestamp="2024-07-12T10:17:33 IST">
  <testcase classname="TestNg2.HelperMethod5" name="shoes5" time="7.398"/>
  <testcase classname="TestNg2.HelperMethod4" name="shoe4" time="8.831"/>
  <testcase classname="TestNg1.HelpMethod1" name="bike1" time="4.13"/>
  <testcase classname="TestNg1.HelperMethod5" name="bike5" time="6.425"/>
  <testcase classname="TestNg1.HelperMethod4" name="bike4" time="5.378"/>
  <testcase classname="TestNg1.HelperMethod3" name="bike3" time="5.24"/>
  <testcase classname="TestNg1.HelperMethod2" name="bike2" time="6.478"/>
  <testcase classname="TestNg2.HelperMethod3" name="shoe3" time="6.954"/>
  <testcase classname="TestNg2.HelperMethod2" name="shoe2" time="3.751"/>
  <testcase classname="TestNg2.HelperMethod1" name="shoe1" time="4.051"/>
</testsuite> <!-- Test2 -->
