<?xml version="1.0" encoding="UTF-8"?>
<!-- Generated by org.testng.reporters.JUnitXMLReporter -->
<testsuite ignored="0" hostname="LAPTOP-GB18RDD5" failures="0" tests="6" name="Test" time="47.197" errors="0" timestamp="2024-07-20T10:44:51 IST">
  <testcase classname="TestNg1.HelperMethod4" name="bike4" time="7.748"/>
  <testcase classname="TestNg1.HelperMethod3" name="bike3" time="6.213"/>
  <testcase classname="TestNg1.HelperMethod2" name="bike2" time="8.364"/>
  <testcase classname="TestNg2.HelperMethod3" name="shoe3" time="5.082"/>
  <testcase classname="TestNg2.HelperMethod2" name="shoe2" time="11.085"/>
  <testcase classname="TestNg2.HelperMethod1" name="shoe1" time="8.579"/>
</testsuite> <!-- Test -->
